<?xml version="1.0" encoding="UTF-8"?>
<testng-results skipped="0" failed="0" ignored="0" total="1" passed="1">
  <reporter-output>
  </reporter-output>
  <suite name="Default suite" duration-ms="2214" started-at="2021-12-19T11:50:46Z" finished-at="2021-12-19T11:50:48Z">
    <groups>
    </groups>
    <test name="Default test" duration-ms="2214" started-at="2021-12-19T11:50:46Z" finished-at="2021-12-19T11:50:48Z">
      <class name="com.packt.helper.Packt">
        <test-method status="PASS" signature="verifyTopNavigationBarIsDisplayed()[pri:0, instance:com.packt.helper.Packt@2e6a8155]" name="verifyTopNavigationBarIsDisplayed" duration-ms="2096" started-at="2021-12-19T11:50:46Z" finished-at="2021-12-19T11:50:48Z">
          <reporter-output>
          </reporter-output>
        </test-method> <!-- verifyTopNavigationBarIsDisplayed -->
      </class> <!-- com.packt.helper.Packt -->
    </test> <!-- Default test -->
  </suite> <!-- Default suite -->
</testng-results>
